Build started 1/26/2014 7:39:07 PM.
     1>Project "C:\Users\Ali Hyder\Documents\Northeastern\2013-2014 Middler\EECE 3326\hydmin-1b\hydmin-1b.vcxproj" on node 2 (build target(s)).
     1>InitializeBuildStatus:
         Touching "Debug\hydmin-1b.unsuccessfulbuild".
       ClCompile:
         All outputs are up-to-date.
         c:\Program Files (x86)\Microsoft Visual Studio 10.0\VC\bin\CL.exe /c /ZI /nologo /W3 /WX- /Od /Oy- /D WIN32 /D _DEBUG /D _CONSOLE /D _UNICODE /D UNICODE /Gm /EHsc /RTC1 /MDd /GS /fp:precise /Zc:wchar_t /Zc:forScope /Yu"StdAfx.h" /Fp"Debug\hydmin-1b.pch" /Fo"Debug\\" /Fd"Debug\vc100.pdb" /Gd /TP /analyze- /errorReport:prompt program.cpp
         program.cpp
     1>c:\users\ali hyder\documents\northeastern\2013-2014 middler\eece 3326\hydmin-1b\d_random.h(46): warning C4244: 'initializing' : conversion from 'time_t' to 'long', possible loss of data
     1>c:\users\ali hyder\documents\northeastern\2013-2014 middler\eece 3326\hydmin-1b\d_random.h(80): warning C4244: 'return' : conversion from 'double' to 'long', possible loss of data
     1>c:\users\ali hyder\documents\northeastern\2013-2014 middler\eece 3326\hydmin-1b\hydmin-1a.h(88): warning C4018: '<' : signed/unsigned mismatch
     1>c:\users\ali hyder\documents\northeastern\2013-2014 middler\eece 3326\hydmin-1b\hydmin-1a.h(97): warning C4018: '<' : signed/unsigned mismatch
     1>c:\users\ali hyder\documents\northeastern\2013-2014 middler\eece 3326\hydmin-1b\hydmin-1a.h(147): warning C4018: '<' : signed/unsigned mismatch
                 c:\users\ali hyder\documents\northeastern\2013-2014 middler\eece 3326\hydmin-1b\hydmin-1a.h(161) : see reference to function template instantiation 'std::ostream &operator <<<int>(std::ostream &,const std::vector<_Ty> &)' being compiled
                 with
                 [
                     _Ty=int
                 ]
       ManifestResourceCompile:
         C:\Program Files (x86)\Microsoft SDKs\Windows\v7.0A\bin\rc.exe /nologo /fo"Debug\hydmin-1b.exe.embed.manifest.res" Debug\hydmin-1b_manifest.rc 
       Link:
         c:\Program Files (x86)\Microsoft Visual Studio 10.0\VC\bin\link.exe /ERRORREPORT:PROMPT /OUT:"C:\Users\Ali Hyder\Documents\Northeastern\2013-2014 Middler\EECE 3326\hydmin-1b\Debug\hydmin-1b.exe" /INCREMENTAL /NOLOGO kernel32.lib user32.lib gdi32.lib winspool.lib comdlg32.lib advapi32.lib shell32.lib ole32.lib oleaut32.lib uuid.lib odbc32.lib odbccp32.lib /MANIFEST /ManifestFile:"Debug\hydmin-1b.exe.intermediate.manifest" /MANIFESTUAC:"level='asInvoker' uiAccess='false'" /DEBUG /PDB:"C:\Users\Ali Hyder\Documents\Northeastern\2013-2014 Middler\EECE 3326\hydmin-1b\Debug\hydmin-1b.pdb" /SUBSYSTEM:CONSOLE /TLBID:1 /DYNAMICBASE /NXCOMPAT /IMPLIB:"C:\Users\Ali Hyder\Documents\Northeastern\2013-2014 Middler\EECE 3326\hydmin-1b\Debug\hydmin-1b.lib" /MACHINE:X86 "Debug\hydmin-1b.exe.embed.manifest.res"
         Debug\program.obj
         Debug\stdafx.obj
       Manifest:
         C:\Program Files (x86)\Microsoft SDKs\Windows\v7.0A\bin\mt.exe /nologo /verbose /out:"Debug\hydmin-1b.exe.embed.manifest" /manifest "Debug\hydmin-1b.exe.intermediate.manifest"
         C:\Program Files (x86)\Microsoft SDKs\Windows\v7.0A\bin\rc.exe /nologo /fo"Debug\hydmin-1b.exe.embed.manifest.res" Debug\hydmin-1b_manifest.rc 
       LinkEmbedManifest:
         c:\Program Files (x86)\Microsoft Visual Studio 10.0\VC\bin\link.exe /ERRORREPORT:PROMPT /OUT:"C:\Users\Ali Hyder\Documents\Northeastern\2013-2014 Middler\EECE 3326\hydmin-1b\Debug\hydmin-1b.exe" /INCREMENTAL /NOLOGO kernel32.lib user32.lib gdi32.lib winspool.lib comdlg32.lib advapi32.lib shell32.lib ole32.lib oleaut32.lib uuid.lib odbc32.lib odbccp32.lib /MANIFEST /ManifestFile:"Debug\hydmin-1b.exe.intermediate.manifest" /MANIFESTUAC:"level='asInvoker' uiAccess='false'" /DEBUG /PDB:"C:\Users\Ali Hyder\Documents\Northeastern\2013-2014 Middler\EECE 3326\hydmin-1b\Debug\hydmin-1b.pdb" /SUBSYSTEM:CONSOLE /TLBID:1 /DYNAMICBASE /NXCOMPAT /IMPLIB:"C:\Users\Ali Hyder\Documents\Northeastern\2013-2014 Middler\EECE 3326\hydmin-1b\Debug\hydmin-1b.lib" /MACHINE:X86 "Debug\hydmin-1b.exe.embed.manifest.res"
         Debug\program.obj
         Debug\stdafx.obj
         hydmin-1b.vcxproj -> C:\Users\Ali Hyder\Documents\Northeastern\2013-2014 Middler\EECE 3326\hydmin-1b\Debug\hydmin-1b.exe
       FinalizeBuildStatus:
         Deleting file "Debug\hydmin-1b.unsuccessfulbuild".
         Touching "Debug\hydmin-1b.lastbuildstate".
     1>Done Building Project "C:\Users\Ali Hyder\Documents\Northeastern\2013-2014 Middler\EECE 3326\hydmin-1b\hydmin-1b.vcxproj" (build target(s)).

Build succeeded.

Time Elapsed 00:00:02.10
