Build started 4/9/2014 9:12:46 AM.
     1>Project "C:\Users\Ali Hyder\Documents\Northeastern\2013-2014 Middler\EECE 3326\hydmin-6a\hydmin-6a.vcxproj" on node 2 (build target(s)).
     1>InitializeBuildStatus:
         Creating "Debug\hydmin-6a.unsuccessfulbuild" because "AlwaysCreate" was specified.
       ClCompile:
         All outputs are up-to-date.
         All outputs are up-to-date.
       ManifestResourceCompile:
         All outputs are up-to-date.
       Link:
         c:\Program Files (x86)\Microsoft Visual Studio 10.0\VC\bin\link.exe /ERRORREPORT:PROMPT /OUT:"C:\Users\Ali Hyder\Documents\Northeastern\2013-2014 Middler\EECE 3326\hydmin-6a\Debug\hydmin-6a.exe" /INCREMENTAL /NOLOGO kernel32.lib user32.lib gdi32.lib winspool.lib comdlg32.lib advapi32.lib shell32.lib ole32.lib oleaut32.lib uuid.lib odbc32.lib odbccp32.lib /MANIFEST /ManifestFile:"Debug\hydmin-6a.exe.intermediate.manifest" /MANIFESTUAC:"level='asInvoker' uiAccess='false'" /DEBUG /PDB:"C:\Users\Ali Hyder\Documents\Northeastern\2013-2014 Middler\EECE 3326\hydmin-6a\Debug\hydmin-6a.pdb" /SUBSYSTEM:CONSOLE /TLBID:1 /DYNAMICBASE /NXCOMPAT /IMPLIB:"C:\Users\Ali Hyder\Documents\Northeastern\2013-2014 Middler\EECE 3326\hydmin-6a\Debug\hydmin-6a.lib" /MACHINE:X86 "Debug\hydmin-6a.exe.embed.manifest.res"
         Debug\program.obj
         Debug\stdafx.obj
         LINK : C:\Users\Ali Hyder\Documents\Northeastern\2013-2014 Middler\EECE 3326\hydmin-6a\Debug\hydmin-6a.exe not found or not built by the last incremental link; performing full link
       Manifest:
         C:\Program Files (x86)\Microsoft SDKs\Windows\v7.0A\bin\mt.exe /nologo /verbose /out:"Debug\hydmin-6a.exe.embed.manifest" /manifest "Debug\hydmin-6a.exe.intermediate.manifest"
         All outputs are up-to-date.
       LinkEmbedManifest:
         All outputs are up-to-date.
         hydmin-6a.vcxproj -> C:\Users\Ali Hyder\Documents\Northeastern\2013-2014 Middler\EECE 3326\hydmin-6a\Debug\hydmin-6a.exe
       FinalizeBuildStatus:
         Deleting file "Debug\hydmin-6a.unsuccessfulbuild".
         Touching "Debug\hydmin-6a.lastbuildstate".
     1>Done Building Project "C:\Users\Ali Hyder\Documents\Northeastern\2013-2014 Middler\EECE 3326\hydmin-6a\hydmin-6a.vcxproj" (build target(s)).

Build succeeded.

Time Elapsed 00:00:02.00
