Build started 3/30/2014 1:50:23 PM.
     1>Project "C:\Users\Ali Hyder\Documents\Northeastern\2013-2014 Middler\EECE 3326\hydmin-5b\hydmin-5b.vcxproj" on node 2 (build target(s)).
     1>InitializeBuildStatus:
         Creating "Debug\hydmin-5b.unsuccessfulbuild" because "AlwaysCreate" was specified.
       ClCompile:
         All outputs are up-to-date.
         c:\Program Files (x86)\Microsoft Visual Studio 10.0\VC\bin\CL.exe /c /ZI /nologo /W3 /WX- /Od /Oy- /D WIN32 /D _DEBUG /D _CONSOLE /D _UNICODE /D UNICODE /Gm /EHsc /RTC1 /MDd /GS /fp:precise /Zc:wchar_t /Zc:forScope /Yu"StdAfx.h" /Fp"Debug\hydmin-5b.pch" /Fo"Debug\\" /Fd"Debug\vc100.pdb" /Gd /TP /analyze- /errorReport:prompt "..\hydmin-5a\program.cpp"
         program.cpp
     1>c:\users\ali hyder\documents\northeastern\2013-2014 middler\eece 3326\hydmin-5a\program.cpp(276): warning C4018: '<' : signed/unsigned mismatch
     1>c:\users\ali hyder\documents\northeastern\2013-2014 middler\eece 3326\hydmin-5a\program.cpp(288): warning C4018: '<' : signed/unsigned mismatch
     1>c:\users\ali hyder\documents\northeastern\2013-2014 middler\eece 3326\hydmin-5a\program.cpp(387): warning C4018: '<' : signed/unsigned mismatch
     1>c:\users\ali hyder\documents\northeastern\2013-2014 middler\eece 3326\hydmin-5a\program.cpp(399): warning C4018: '<' : signed/unsigned mismatch
     1>c:\users\ali hyder\documents\northeastern\2013-2014 middler\eece 3326\hydmin-5a\program.cpp(454): warning C4018: '<' : signed/unsigned mismatch
       ManifestResourceCompile:
         All outputs are up-to-date.
       Link:
         c:\Program Files (x86)\Microsoft Visual Studio 10.0\VC\bin\link.exe /ERRORREPORT:PROMPT /OUT:"C:\Users\Ali Hyder\Documents\Northeastern\2013-2014 Middler\EECE 3326\hydmin-5b\Debug\hydmin-5b.exe" /INCREMENTAL /NOLOGO kernel32.lib user32.lib gdi32.lib winspool.lib comdlg32.lib advapi32.lib shell32.lib ole32.lib oleaut32.lib uuid.lib odbc32.lib odbccp32.lib /MANIFEST /ManifestFile:"Debug\hydmin-5b.exe.intermediate.manifest" /MANIFESTUAC:"level='asInvoker' uiAccess='false'" /DEBUG /PDB:"C:\Users\Ali Hyder\Documents\Northeastern\2013-2014 Middler\EECE 3326\hydmin-5b\Debug\hydmin-5b.pdb" /SUBSYSTEM:CONSOLE /TLBID:1 /DYNAMICBASE /NXCOMPAT /IMPLIB:"C:\Users\Ali Hyder\Documents\Northeastern\2013-2014 Middler\EECE 3326\hydmin-5b\Debug\hydmin-5b.lib" /MACHINE:X86 "Debug\hydmin-5b.exe.embed.manifest.res"
         Debug\program.obj
         Debug\stdafx.obj
       Manifest:
         C:\Program Files (x86)\Microsoft SDKs\Windows\v7.0A\bin\mt.exe /nologo /verbose /out:"Debug\hydmin-5b.exe.embed.manifest" /manifest "Debug\hydmin-5b.exe.intermediate.manifest"
         All outputs are up-to-date.
       LinkEmbedManifest:
         All outputs are up-to-date.
         hydmin-5b.vcxproj -> C:\Users\Ali Hyder\Documents\Northeastern\2013-2014 Middler\EECE 3326\hydmin-5b\Debug\hydmin-5b.exe
       FinalizeBuildStatus:
         Deleting file "Debug\hydmin-5b.unsuccessfulbuild".
         Touching "Debug\hydmin-5b.lastbuildstate".
     1>Done Building Project "C:\Users\Ali Hyder\Documents\Northeastern\2013-2014 Middler\EECE 3326\hydmin-5b\hydmin-5b.vcxproj" (build target(s)).

Build succeeded.

Time Elapsed 00:00:02.30
