Build started 2/20/2014 1:05:24 PM.
     1>Project "C:\Users\Ali Hyder\Documents\Northeastern\2013-2014 Middler\EECE 3326\hydmin-3b\hydmin-3b.vcxproj" on node 2 (build target(s)).
     1>InitializeBuildStatus:
         Creating "Debug\hydmin-3b.unsuccessfulbuild" because "AlwaysCreate" was specified.
       ClCompile:
         All outputs are up-to-date.
         c:\Program Files (x86)\Microsoft Visual Studio 10.0\VC\bin\CL.exe /c /ZI /nologo /W3 /WX- /Od /Oy- /D WIN32 /D _DEBUG /D _CONSOLE /D _UNICODE /D UNICODE /Gm /EHsc /RTC1 /MDd /GS /fp:precise /Zc:wchar_t /Zc:forScope /Yu"StdAfx.h" /Fp"Debug\hydmin-3b.pch" /Fo"Debug\\" /Fd"Debug\vc100.pdb" /Gd /TP /analyze- /errorReport:prompt program.cpp
         program.cpp
     1>c:\users\ali hyder\documents\northeastern\2013-2014 middler\eece 3326\hydmin-3b\wordlist.h(143): warning C4018: '<' : signed/unsigned mismatch
     1>c:\users\ali hyder\documents\northeastern\2013-2014 middler\eece 3326\hydmin-3b\wordlist.h(147): warning C4018: '<' : signed/unsigned mismatch
     1>c:\users\ali hyder\documents\northeastern\2013-2014 middler\eece 3326\hydmin-3b\wordlist.h(183): warning C4018: '<' : signed/unsigned mismatch
     1>c:\users\ali hyder\documents\northeastern\2013-2014 middler\eece 3326\hydmin-3b\program.cpp(36): warning C4018: '<=' : signed/unsigned mismatch
     1>c:\users\ali hyder\documents\northeastern\2013-2014 middler\eece 3326\hydmin-3b\program.cpp(38): warning C4018: '>=' : signed/unsigned mismatch
     1>c:\users\ali hyder\documents\northeastern\2013-2014 middler\eece 3326\hydmin-3b\wordlist.h(110): warning C4715: 'wordlist::binarySearch' : not all control paths return a value
       ManifestResourceCompile:
         All outputs are up-to-date.
       Link:
         c:\Program Files (x86)\Microsoft Visual Studio 10.0\VC\bin\link.exe /ERRORREPORT:PROMPT /OUT:"C:\Users\Ali Hyder\Documents\Northeastern\2013-2014 Middler\EECE 3326\hydmin-3b\Debug\hydmin-3b.exe" /INCREMENTAL /NOLOGO kernel32.lib user32.lib gdi32.lib winspool.lib comdlg32.lib advapi32.lib shell32.lib ole32.lib oleaut32.lib uuid.lib odbc32.lib odbccp32.lib /MANIFEST /ManifestFile:"Debug\hydmin-3b.exe.intermediate.manifest" /MANIFESTUAC:"level='asInvoker' uiAccess='false'" /DEBUG /PDB:"C:\Users\Ali Hyder\Documents\Northeastern\2013-2014 Middler\EECE 3326\hydmin-3b\Debug\hydmin-3b.pdb" /SUBSYSTEM:CONSOLE /TLBID:1 /DYNAMICBASE /NXCOMPAT /IMPLIB:"C:\Users\Ali Hyder\Documents\Northeastern\2013-2014 Middler\EECE 3326\hydmin-3b\Debug\hydmin-3b.lib" /MACHINE:X86 "Debug\hydmin-3b.exe.embed.manifest.res"
         Debug\program.obj
         Debug\stdafx.obj
         LINK : C:\Users\Ali Hyder\Documents\Northeastern\2013-2014 Middler\EECE 3326\hydmin-3b\Debug\hydmin-3b.exe not found or not built by the last incremental link; performing full link
       Manifest:
         C:\Program Files (x86)\Microsoft SDKs\Windows\v7.0A\bin\mt.exe /nologo /verbose /out:"Debug\hydmin-3b.exe.embed.manifest" /manifest "Debug\hydmin-3b.exe.intermediate.manifest"
         All outputs are up-to-date.
       LinkEmbedManifest:
         All outputs are up-to-date.
         hydmin-3b.vcxproj -> C:\Users\Ali Hyder\Documents\Northeastern\2013-2014 Middler\EECE 3326\hydmin-3b\Debug\hydmin-3b.exe
       FinalizeBuildStatus:
         Deleting file "Debug\hydmin-3b.unsuccessfulbuild".
         Touching "Debug\hydmin-3b.lastbuildstate".
     1>Done Building Project "C:\Users\Ali Hyder\Documents\Northeastern\2013-2014 Middler\EECE 3326\hydmin-3b\hydmin-3b.vcxproj" (build target(s)).

Build succeeded.

Time Elapsed 00:00:01.68
