C:\Users\Ali Hyder\Documents\Northeastern\2013-2014 Middler\EECE 3326\hydmin-3b\Debug\cl.command.1.tlog
C:\Users\Ali Hyder\Documents\Northeastern\2013-2014 Middler\EECE 3326\hydmin-3b\Debug\CL.read.1.tlog
C:\Users\Ali Hyder\Documents\Northeastern\2013-2014 Middler\EECE 3326\hydmin-3b\Debug\CL.write.1.tlog
C:\USERS\ALI HYDER\DOCUMENTS\NORTHEASTERN\2013-2014 MIDDLER\EECE 3326\HYDMIN-3B\DEBUG\HYDMIN-3B.EXE
C:\USERS\ALI HYDER\DOCUMENTS\NORTHEASTERN\2013-2014 MIDDLER\EECE 3326\HYDMIN-3B\DEBUG\HYDMIN-3B.EXE.EMBED.MANIFEST
C:\USERS\ALI HYDER\DOCUMENTS\NORTHEASTERN\2013-2014 MIDDLER\EECE 3326\HYDMIN-3B\DEBUG\HYDMIN-3B.EXE.EMBED.MANIFEST.RES
C:\USERS\ALI HYDER\DOCUMENTS\NORTHEASTERN\2013-2014 MIDDLER\EECE 3326\HYDMIN-3B\DEBUG\HYDMIN-3B.EXE.INTERMEDIATE.MANIFEST
C:\USERS\ALI HYDER\DOCUMENTS\NORTHEASTERN\2013-2014 MIDDLER\EECE 3326\HYDMIN-3B\DEBUG\HYDMIN-3B.ILK
C:\USERS\ALI HYDER\DOCUMENTS\NORTHEASTERN\2013-2014 MIDDLER\EECE 3326\HYDMIN-3B\DEBUG\HYDMIN-3B.PCH
C:\USERS\ALI HYDER\DOCUMENTS\NORTHEASTERN\2013-2014 MIDDLER\EECE 3326\HYDMIN-3B\DEBUG\HYDMIN-3B.PDB
C:\Users\Ali Hyder\Documents\Northeastern\2013-2014 Middler\EECE 3326\hydmin-3b\Debug\hydmin-3b.write.1.tlog
C:\Users\Ali Hyder\Documents\Northeastern\2013-2014 Middler\EECE 3326\hydmin-3b\Debug\hydmin-3b_manifest.rc
C:\Users\Ali Hyder\Documents\Northeastern\2013-2014 Middler\EECE 3326\hydmin-3b\Debug\link.5264.read.1.tlog
C:\Users\Ali Hyder\Documents\Northeastern\2013-2014 Middler\EECE 3326\hydmin-3b\Debug\link.5264.write.1.tlog
C:\Users\Ali Hyder\Documents\Northeastern\2013-2014 Middler\EECE 3326\hydmin-3b\Debug\link.5264-cvtres.read.1.tlog
C:\Users\Ali Hyder\Documents\Northeastern\2013-2014 Middler\EECE 3326\hydmin-3b\Debug\link.5264-cvtres.write.1.tlog
C:\Users\Ali Hyder\Documents\Northeastern\2013-2014 Middler\EECE 3326\hydmin-3b\Debug\link.command.1.tlog
C:\Users\Ali Hyder\Documents\Northeastern\2013-2014 Middler\EECE 3326\hydmin-3b\Debug\link.read.1.tlog
C:\Users\Ali Hyder\Documents\Northeastern\2013-2014 Middler\EECE 3326\hydmin-3b\Debug\link.write.1.tlog
C:\Users\Ali Hyder\Documents\Northeastern\2013-2014 Middler\EECE 3326\hydmin-3b\Debug\link-cvtres.read.1.tlog
C:\Users\Ali Hyder\Documents\Northeastern\2013-2014 Middler\EECE 3326\hydmin-3b\Debug\link-cvtres.write.1.tlog
C:\Users\Ali Hyder\Documents\Northeastern\2013-2014 Middler\EECE 3326\hydmin-3b\Debug\mt.command.1.tlog
C:\Users\Ali Hyder\Documents\Northeastern\2013-2014 Middler\EECE 3326\hydmin-3b\Debug\mt.read.1.tlog
C:\Users\Ali Hyder\Documents\Northeastern\2013-2014 Middler\EECE 3326\hydmin-3b\Debug\mt.write.1.tlog
C:\USERS\ALI HYDER\DOCUMENTS\NORTHEASTERN\2013-2014 MIDDLER\EECE 3326\HYDMIN-3B\DEBUG\PROGRAM.OBJ
C:\Users\Ali Hyder\Documents\Northeastern\2013-2014 Middler\EECE 3326\hydmin-3b\Debug\rc.command.1.tlog
C:\Users\Ali Hyder\Documents\Northeastern\2013-2014 Middler\EECE 3326\hydmin-3b\Debug\rc.read.1.tlog
C:\Users\Ali Hyder\Documents\Northeastern\2013-2014 Middler\EECE 3326\hydmin-3b\Debug\rc.write.1.tlog
C:\USERS\ALI HYDER\DOCUMENTS\NORTHEASTERN\2013-2014 MIDDLER\EECE 3326\HYDMIN-3B\DEBUG\STDAFX.OBJ
C:\Users\Ali Hyder\Documents\Northeastern\2013-2014 Middler\EECE 3326\hydmin-3b\Debug\vc100.idb
C:\USERS\ALI HYDER\DOCUMENTS\NORTHEASTERN\2013-2014 MIDDLER\EECE 3326\HYDMIN-3B\DEBUG\VC100.PDB
